<?xml version="1.0" encoding="UTF-8"?>
<testng-results skipped="0" failed="0" ignored="0" total="2" passed="2">
  <reporter-output>
    <line>
      <![CDATA[HomePage is Displayed]]>
    </line>
    <line>
      <![CDATA[testValidLogin is PASSED]]>
    </line>
    <line>
      <![CDATA[testbInvalidLogin is PASSED]]>
    </line>
  </reporter-output>
  <suite name="Suite" duration-ms="57562" started-at="2018-03-18T14:00:34Z" finished-at="2018-03-18T14:01:32Z">
    <groups>
      <group name="smoke">
        <method signature="CheckValidLogin.testValidLogin()[pri:1, instance:script.CheckValidLogin@e25b2fe]" name="testValidLogin" class="script.CheckValidLogin"/>
      </group> <!-- smoke -->
      <group name="login">
        <method signature="CheckValidLogin.testValidLogin()[pri:1, instance:script.CheckValidLogin@e25b2fe]" name="testValidLogin" class="script.CheckValidLogin"/>
        <method signature="InvalidLogin.testbInvalidLogin()[pri:2, instance:script.InvalidLogin@754ba872]" name="testbInvalidLogin" class="script.InvalidLogin"/>
      </group> <!-- login -->
    </groups>
    <test name="TestOnChrome" duration-ms="57562" started-at="2018-03-18T14:00:34Z" finished-at="2018-03-18T14:01:32Z">
      <class name="script.InvalidLogin">
        <test-method status="PASS" signature="openApplication(java.lang.String, java.lang.String)[pri:0, instance:script.InvalidLogin@754ba872]" name="openApplication" is-config="true" duration-ms="14392" started-at="2018-03-18T14:00:57Z" finished-at="2018-03-18T14:01:12Z">
          <params>
            <param index="0">
              <value>
                <![CDATA[localhost]]>
              </value>
            </param>
            <param index="1">
              <value>
                <![CDATA[chrome]]>
              </value>
            </param>
          </params>
          <reporter-output>
          </reporter-output>
        </test-method> <!-- openApplication -->
        <test-method status="PASS" signature="testbInvalidLogin()[pri:2, instance:script.InvalidLogin@754ba872]" name="testbInvalidLogin" duration-ms="19661" started-at="2018-03-18T14:01:12Z" finished-at="2018-03-18T14:01:31Z">
          <reporter-output>
          </reporter-output>
        </test-method> <!-- testbInvalidLogin -->
        <test-method status="PASS" signature="closeApplication(org.testng.ITestResult)[pri:0, instance:script.InvalidLogin@754ba872]" name="closeApplication" is-config="true" duration-ms="149" started-at="2018-03-18T14:01:31Z" finished-at="2018-03-18T14:01:32Z">
          <params>
            <param index="0">
              <value>
                <![CDATA[[TestResult name=testbInvalidLogin status=SUCCESS method=InvalidLogin.testbInvalidLogin()[pri:2, instance:script.InvalidLogin@754ba872] output={null}]]]>
              </value>
            </param>
          </params>
          <reporter-output>
            <line>
              <![CDATA[testbInvalidLogin is PASSED]]>
            </line>
          </reporter-output>
        </test-method> <!-- closeApplication -->
      </class> <!-- script.InvalidLogin -->
      <class name="script.CheckValidLogin">
        <test-method status="PASS" signature="openApplication(java.lang.String, java.lang.String)[pri:0, instance:script.CheckValidLogin@e25b2fe]" name="openApplication" is-config="true" duration-ms="13175" started-at="2018-03-18T14:00:34Z" finished-at="2018-03-18T14:00:47Z">
          <params>
            <param index="0">
              <value>
                <![CDATA[localhost]]>
              </value>
            </param>
            <param index="1">
              <value>
                <![CDATA[chrome]]>
              </value>
            </param>
          </params>
          <reporter-output>
          </reporter-output>
        </test-method> <!-- openApplication -->
        <test-method status="PASS" signature="testValidLogin()[pri:1, instance:script.CheckValidLogin@e25b2fe]" name="testValidLogin" duration-ms="9963" started-at="2018-03-18T14:00:47Z" finished-at="2018-03-18T14:00:57Z">
          <reporter-output>
            <line>
              <![CDATA[HomePage is Displayed]]>
            </line>
          </reporter-output>
        </test-method> <!-- testValidLogin -->
        <test-method status="PASS" signature="closeApplication(org.testng.ITestResult)[pri:0, instance:script.CheckValidLogin@e25b2fe]" name="closeApplication" is-config="true" duration-ms="203" started-at="2018-03-18T14:00:57Z" finished-at="2018-03-18T14:00:57Z">
          <params>
            <param index="0">
              <value>
                <![CDATA[[TestResult name=testValidLogin status=SUCCESS method=CheckValidLogin.testValidLogin()[pri:1, instance:script.CheckValidLogin@e25b2fe] output=HomePage is Displayed]]]>
              </value>
            </param>
          </params>
          <reporter-output>
            <line>
              <![CDATA[testValidLogin is PASSED]]>
            </line>
          </reporter-output>
        </test-method> <!-- closeApplication -->
      </class> <!-- script.CheckValidLogin -->
    </test> <!-- TestOnChrome -->
  </suite> <!-- Suite -->
</testng-results>
